<?xml version="1.0" encoding="UTF-8"?>
<!-- Generated by org.testng.reporters.JUnitXMLReporter -->
<testsuite ignored="0" hostname="Dinesh" failures="0" tests="8" name="Default test" time="9.377" errors="0" timestamp="2024-11-28T10:38:11 EST">
  <testcase classname="com.resolver.tests.HomePageTests" name="test1LoginWithInvalidEmail" time="0.541"/>
  <testcase classname="com.resolver.tests.HomePageTests" name="test1LoginWithNoPassword" time="0.414"/>
  <testcase classname="com.resolver.tests.HomePageTests" name="test1LoginWithValidCredentials" time="0.366"/>
  <testcase classname="com.resolver.tests.HomePageTests" name="test2ListGroupValues" time="0.12"/>
  <testcase classname="com.resolver.tests.HomePageTests" name="test3DropdownSelection" time="0.313"/>
  <testcase classname="com.resolver.tests.HomePageTests" name="test4ButtonStates" time="0.08"/>
  <testcase classname="com.resolver.tests.HomePageTests" name="test5ButtonWaitAndClick" time="3.613"/>
  <testcase classname="com.resolver.tests.HomePageTests" name="test6TableCellValue" time="0.037"/>
</testsuite> <!-- Default test -->
