<?xml version="1.0" encoding="UTF-8"?>
<!-- Generated by org.testng.reporters.JUnitXMLReporter -->
<testsuite ignored="0" hostname="Dinesh" failures="0" tests="8" name="Home Page Tests" time="8.196" errors="0" timestamp="2024-11-28T14:11:11 EST">
  <testcase classname="com.resolver.tests.HomePageTests" name="test1LoginWithInvalidEmail" time="0.466"/>
  <testcase classname="com.resolver.tests.HomePageTests" name="test1LoginWithNoPassword" time="0.42"/>
  <testcase classname="com.resolver.tests.HomePageTests" name="test1LoginWithValidCredentials" time="0.424"/>
  <testcase classname="com.resolver.tests.HomePageTests" name="test2ListGroupValues" time="0.105"/>
  <testcase classname="com.resolver.tests.HomePageTests" name="test3DropdownSelection" time="0.325"/>
  <testcase classname="com.resolver.tests.HomePageTests" name="test4ButtonStates" time="0.068"/>
  <testcase classname="com.resolver.tests.HomePageTests" name="test5ButtonWaitAndClick" time="2.429"/>
  <testcase classname="com.resolver.tests.HomePageTests" name="test6TableCellValue" time="0.04"/>
</testsuite> <!-- Home Page Tests -->
